<?xml version="1.0" encoding="UTF-8"?>
<!-- Generated by org.testng.reporters.JUnitReportReporter -->
<testsuite name="com.iebm.ssm.testScripts.DataDriverLoginTest" tests="12" time="8.398" ignored="0" failures="1" timestamp="15 四月 2020 02:04:03 GMT" skipped="9" hostname="LC-PC" errors="1">
  <testcase name="dataDriverLoginFromCSV" time="1.711" classname="com.iebm.ssm.testScripts.DataDriverLoginTest">
    <skipped/>
  </testcase> <!-- dataDriverLoginFromCSV -->
  <testcase name="dataDriverLoginFromExcel" time="0.001" classname="com.iebm.ssm.testScripts.DataDriverLoginTest">
    <skipped/>
  </testcase> <!-- dataDriverLoginFromExcel -->
  <testcase name="dataDriverLoginFromCSV" time="0.001" classname="com.iebm.ssm.testScripts.DataDriverLoginTest">
    <skipped/>
  </testcase> <!-- dataDriverLoginFromCSV -->
  <testcase name="dataDriverLoginFromMysql" time="0.001" classname="com.iebm.ssm.testScripts.DataDriverLoginTest">
    <skipped/>
  </testcase> <!-- dataDriverLoginFromMysql -->
  <testcase name="dataDriverLogin" time="0.002" classname="com.iebm.ssm.testScripts.DataDriverLoginTest">
    <skipped/>
  </testcase> <!-- dataDriverLogin -->
  <testcase name="dataDriverLoginFromMysql" time="0.001" classname="com.iebm.ssm.testScripts.DataDriverLoginTest">
    <skipped/>
  </testcase> <!-- dataDriverLoginFromMysql -->
  <testcase name="guestLogin" time="3.387" classname="com.iebm.ssm.testScripts.DataDriverLoginTest"/>
  <testcase name="dataDriverLoginFromExcel" time="0.001" classname="com.iebm.ssm.testScripts.DataDriverLoginTest">
    <skipped/>
  </testcase> <!-- dataDriverLoginFromExcel -->
  <testcase name="dataDriverLogin" time="3.292" classname="com.iebm.ssm.testScripts.DataDriverLoginTest">
    <failure type="java.lang.AssertionError" message="expected [true] but found [false]">
      <![CDATA[java.lang.AssertionError: expected [true] but found [false]
	at org.testng.Assert.fail(Assert.java:94)
	at org.testng.Assert.failNotEquals(Assert.java:513)
	at org.testng.Assert.assertTrue(Assert.java:42)
	at org.testng.Assert.assertTrue(Assert.java:52)
	at com.iebm.ssm.testScripts.DataDriverLoginTest.dataDriverLogin(DataDriverLoginTest.java:55)
	at sun.reflect.NativeMethodAccessorImpl.invoke0(Native Method)
	at sun.reflect.NativeMethodAccessorImpl.invoke(NativeMethodAccessorImpl.java:62)
	at sun.reflect.DelegatingMethodAccessorImpl.invoke(DelegatingMethodAccessorImpl.java:43)
	at java.lang.reflect.Method.invoke(Method.java:497)
	at org.testng.internal.MethodInvocationHelper.invokeMethod(MethodInvocationHelper.java:104)
	at org.testng.internal.Invoker.invokeMethod(Invoker.java:645)
	at org.testng.internal.Invoker.invokeTestMethod(Invoker.java:851)
	at org.testng.internal.Invoker.invokeTestMethods(Invoker.java:1177)
	at org.testng.internal.TestMethodWorker.invokeTestMethods(TestMethodWorker.java:129)
	at org.testng.internal.TestMethodWorker.run(TestMethodWorker.java:112)
	at org.testng.TestRunner.privateRun(TestRunner.java:756)
	at org.testng.TestRunner.run(TestRunner.java:610)
	at org.testng.SuiteRunner.runTest(SuiteRunner.java:387)
	at org.testng.SuiteRunner.runSequentially(SuiteRunner.java:382)
	at org.testng.SuiteRunner.privateRun(SuiteRunner.java:340)
	at org.testng.SuiteRunner.run(SuiteRunner.java:289)
	at org.testng.SuiteRunnerWorker.runSuite(SuiteRunnerWorker.java:52)
	at org.testng.SuiteRunnerWorker.run(SuiteRunnerWorker.java:86)
	at org.testng.TestNG.runSuitesSequentially(TestNG.java:1293)
	at org.testng.TestNG.runSuitesLocally(TestNG.java:1218)
	at org.testng.TestNG.runSuites(TestNG.java:1133)
	at org.testng.TestNG.run(TestNG.java:1104)
	at org.testng.remote.AbstractRemoteTestNG.run(AbstractRemoteTestNG.java:132)
	at org.testng.remote.RemoteTestNG.initAndRun(RemoteTestNG.java:236)
	at org.testng.remote.RemoteTestNG.main(RemoteTestNG.java:81)
]]>
    </failure>
  </testcase> <!-- dataDriverLogin -->
  <testcase name="dataDriverLoginFromExcel2" time="0.001" classname="com.iebm.ssm.testScripts.DataDriverLoginTest">
    <skipped/>
  </testcase> <!-- dataDriverLoginFromExcel2 -->
  <testcase name="dataDriverLoginFromExcel2" time="0.000" classname="com.iebm.ssm.testScripts.DataDriverLoginTest">
    <skipped/>
  </testcase> <!-- dataDriverLoginFromExcel2 -->
  <testcase name="afterMethod" time="0.000" classname="com.iebm.ssm.testScripts.DataDriverLoginTest">
    <error type="org.openqa.selenium.NoSuchElementException" message="Cannot locate an element using css selector=a[onclick=&quot;fw.layout.loginout()&quot;]
For documentation on this error, please visit: https://www.seleniumhq.org/exceptions/no_such_element.html
Build info: version: &#039;3.141.59&#039;, revision: &#039;e82be7d358&#039;, time: &#039;2018-11-14T08:17:03&#039;
System info: host: &#039;LC-PC&#039;, ip: &#039;192.168.29.69&#039;, os.name: &#039;Windows 7&#039;, os.arch: &#039;x86&#039;, os.version: &#039;6.1&#039;, java.version: &#039;1.8.0_60&#039;
Driver info: driver.version: RemoteWebDriver">
      <![CDATA[org.openqa.selenium.NoSuchElementException: Cannot locate an element using css selector=a[onclick="fw.layout.loginout()"]
For documentation on this error, please visit: https://www.seleniumhq.org/exceptions/no_such_element.html
Build info: version: '3.141.59', revision: 'e82be7d358', time: '2018-11-14T08:17:03'
System info: host: 'LC-PC', ip: '192.168.29.69', os.name: 'Windows 7', os.arch: 'x86', os.version: '6.1', java.version: '1.8.0_60'
Driver info: driver.version: RemoteWebDriver
	at org.openqa.selenium.remote.RemoteWebDriver.findElement(RemoteWebDriver.java:327)
	at org.openqa.selenium.remote.RemoteWebDriver.findElementByCssSelector(RemoteWebDriver.java:420)
	at org.openqa.selenium.By$ByCssSelector.findElement(By.java:431)
	at org.openqa.selenium.remote.RemoteWebDriver.findElement(RemoteWebDriver.java:315)
	at com.iebm.ssm.pageObjects.LoginPage.loginOutbutton(LoginPage.java:47)
	at com.iebm.ssm.appModules.Login_Action.loginOutexecute(Login_Action.java:25)
	at com.iebm.ssm.testScripts.DataDriverLoginTest.afterMethod(DataDriverLoginTest.java:109)
	at sun.reflect.NativeMethodAccessorImpl.invoke0(Native Method)
	at sun.reflect.NativeMethodAccessorImpl.invoke(NativeMethodAccessorImpl.java:62)
	at sun.reflect.DelegatingMethodAccessorImpl.invoke(DelegatingMethodAccessorImpl.java:43)
	at java.lang.reflect.Method.invoke(Method.java:497)
	at org.testng.internal.MethodInvocationHelper.invokeMethod(MethodInvocationHelper.java:104)
	at org.testng.internal.Invoker.invokeConfigurationMethod(Invoker.java:515)
	at org.testng.internal.Invoker.invokeConfigurations(Invoker.java:217)
	at org.testng.internal.Invoker.invokeMethod(Invoker.java:712)
	at org.testng.internal.Invoker.invokeTestMethod(Invoker.java:851)
	at org.testng.internal.Invoker.invokeTestMethods(Invoker.java:1177)
	at org.testng.internal.TestMethodWorker.invokeTestMethods(TestMethodWorker.java:129)
	at org.testng.internal.TestMethodWorker.run(TestMethodWorker.java:112)
	at org.testng.TestRunner.privateRun(TestRunner.java:756)
	at org.testng.TestRunner.run(TestRunner.java:610)
	at org.testng.SuiteRunner.runTest(SuiteRunner.java:387)
	at org.testng.SuiteRunner.runSequentially(SuiteRunner.java:382)
	at org.testng.SuiteRunner.privateRun(SuiteRunner.java:340)
	at org.testng.SuiteRunner.run(SuiteRunner.java:289)
	at org.testng.SuiteRunnerWorker.runSuite(SuiteRunnerWorker.java:52)
	at org.testng.SuiteRunnerWorker.run(SuiteRunnerWorker.java:86)
	at org.testng.TestNG.runSuitesSequentially(TestNG.java:1293)
	at org.testng.TestNG.runSuitesLocally(TestNG.java:1218)
	at org.testng.TestNG.runSuites(TestNG.java:1133)
	at org.testng.TestNG.run(TestNG.java:1104)
	at org.testng.remote.AbstractRemoteTestNG.run(AbstractRemoteTestNG.java:132)
	at org.testng.remote.RemoteTestNG.initAndRun(RemoteTestNG.java:236)
	at org.testng.remote.RemoteTestNG.main(RemoteTestNG.java:81)
]]>
    </error>
  </testcase> <!-- afterMethod -->
</testsuite> <!-- com.iebm.ssm.testScripts.DataDriverLoginTest -->
